android/app/proguard-rules.pro
-keep class android.window.BackEvent { *; }