build/app/outputs/mapping/release/seeds.txt
com.app.flipzy.MainActivity
com.app.flipzy.MainActivity: MainActivity()
...
com.google.android.gms.internal.auth.zzek: com.google.android.gms.internal.auth.zzez zzd(int)
com.google.android.recaptcha.internal.zzsm: java.lang.Object zzh(int,java.lang.Object,java.lang.Object)
com.google.android.gms.internal.location.zzu: void zzo(com.google.android.gms.location.zzad,com.google.android.gms.internal.location.zzee)
com.google.android.recaptcha.internal.zzsa: java.lang.Object zzh(int,java.lang.Object,java.lang.Object)
com.google.android.recaptcha.internal.zzlq: int zza()
com.google.android.gms.internal.auth.zzhg: double zza(java.lang.Object,long)
com.google.android.gms.internal.cloudmessaging.zze: com.google.android.gms.internal.cloudmessaging.zzb zza()
com.google.android.recaptcha.internal.zzqo: com.google.android.recaptcha.internal.zzqo zze(int)
com.dexterous.flutterlocalnotifications.FlutterLocalNotificationsPlugin: boolean isValidDrawableResource(android.content.Context,java.lang.String,io.flutter.plugin.common.MethodChannel$Result,java.lang.String)
com.google.android.gms.internal.appset.zzr: com.google.android.gms.tasks.Task zza(com.google.android.gms.internal.appset.zzr,com.google.android.gms.tasks.Task)
com.google.android.gms.internal.firebase-auth-api.zzana: void zza(java.lang.Object,long,float)
androidx.appcompat.widget.AppCompatTextView: android.content.res.ColorStateList getSupportCompoundDrawablesTintList()
com.google.android.recaptcha.internal.zzis: java.lang.Object invoke()
org.chromium.support_lib_boundary.WebViewProviderBoundaryInterface: android.webkit.WebViewClient getWebViewClient()
com.google.android.gms.internal.firebase-auth-api.zzacg: void zzb()
com.google.android.recaptcha.internal.zzdt: java.lang.Object zzl(java.lang.String,long,kotlin.coroutines.Continuation)
com.google.android.gms.internal.firebase-auth-api.zzaj: com.google.android.gms.internal.firebase-auth-api.zzaj zza(int,int)
com.google.android.recaptcha.internal.zzik: zzik(com.google.android.recaptcha.internal.zzja)
com.google.android.gms.internal.firebase-auth-api.zzan: boolean containsValue(java.lang.Object)
com.google.android.gms.internal.stats.zzb: void close()
com.google.android.gms.internal.firebase-auth-api.zzwf: com.google.android.gms.internal.firebase-auth-api.zzwf$zza zza(com.google.android.gms.internal.firebase-auth-api.zzwf)
org.chromium.support_lib_boundary.WebMessagePortBoundaryInterface: void setWebMessageCallback(java.lang.reflect.InvocationHandler,android.os.Handler)
com.google.android.gms.internal.firebase-auth-api.zzaj: zzaj()
com.google.android.recaptcha.internal.zzik: void onReceivedError(android.webkit.WebView,int,java.lang.String,java.lang.String)
com.google.android.gms.internal.firebase-auth-api.zzagv: java.lang.Object createFromParcel(android.os.Parcel)
com.google.android.gms.internal.firebase-auth-api.zzala: zzala()
com.google.android.gms.internal.firebase-auth-api.zzana$zzb: boolean zzc(java.lang.Object,long)
com.google.android.gms.internal.firebase-auth-api.zzzt: java.lang.String zzc()
com.google.android.gms.internal.firebase-auth-api.zzabq: com.google.android.gms.tasks.Task zzc(com.google.firebase.FirebaseApp,com.google.firebase.auth.FirebaseUser,com.google.firebase.auth.AuthCredential,java.lang.String,com.google.firebase.auth.internal.zzcc)
com.google.android.gms.internal.auth.zzgk: com.google.android.gms.internal.auth.zzgz zzb()
com.google.android.gms.internal.firebase-auth-api.zzalh: int hashCode()
com.google.android.gms.internal.auth.zzcf: zzcf(com.google.android.gms.internal.auth.zzcg,android.os.Handler)
com.google.android.gms.common.internal.BaseGmsClient: void onUserSignOut(com.google.android.gms.common.internal.BaseGmsClient$SignOutCallbacks)
com.google.android.recaptcha.internal.zzpe: int size()
com.google.android.gms.internal.firebase-auth-api.zzanm: void zzk(int,java.util.List,boolean)
com.google.android.recaptcha.internal.zzej: java.lang.String zzc()